<?xml version="1.0" encoding="UTF-8"?>
<!-- Generated by org.testng.reporters.JUnitXMLReporter -->
<testsuite ignored="0" hostname="Gurleens-MacBook-Pro.local" failures="0" tests="10" name="Surefire test" time="76.181" errors="0" timestamp="2024-08-05T15:35:42 EDT">
  <testcase classname="testcases.BestSellerPageTest" name="verifyBannerTest" time="0.291"/>
  <testcase classname="testcases.BestSellerPageTest" name="verifyBestSellerTitleTest" time="0.011"/>
  <testcase classname="testcases.BestSellerPageTest" name="verifyDealTabTest" time="0.206"/>
  <testcase classname="testcases.LoginTest" name="loginWithWrongUsername" time="0.7"/>
  <testcase classname="testcases.HomepageTest" name="verifyAddressTabTest" time="1.384"/>
  <testcase classname="testcases.HomepageTest" name="verifyBestSellerTest" time="2.198"/>
  <testcase classname="testcases.HomepageTest" name="verifyCategoryTabTest" time="0.141"/>
  <testcase classname="testcases.HomepageTest" name="verifyHomebuttonTest" time="1.558"/>
  <testcase classname="testcases.HomepageTest" name="verifyPlaceholderTest" time="0.533"/>
  <testcase classname="testcases.HomepageTest" name="verifyTitleTest" time="0.007"/>
</testsuite> <!-- Surefire test -->
