<?xml version="1.0" encoding="UTF-8"?>
<!-- Generated by org.testng.reporters.JUnitXMLReporter -->
<testsuite ignored="0" hostname="Gurleens-MacBook-Pro.local" failures="0" tests="3" name="Default test" time="29.856" errors="0" timestamp="2024-08-05T15:10:27 EDT">
  <testcase classname="testcases.BestSellerPageTest" name="verifyBannerTest" time="0.308"/>
  <testcase classname="testcases.BestSellerPageTest" name="verifyBestSellerTitleTest" time="0.01"/>
  <testcase classname="testcases.BestSellerPageTest" name="verifyDealTabTest" time="0.07"/>
</testsuite> <!-- Default test -->
