<?xml version="1.0" encoding="UTF-8"?>
<!-- Generated by org.testng.reporters.JUnitXMLReporter -->
<testsuite ignored="0" hostname="Gurleens-MacBook-Pro.local" failures="0" tests="10" name="Test" time="195.696" errors="0" timestamp="2024-08-15T20:44:12 EDT">
  <testcase classname="testcases.LoginTest" name="loginWithWrongUsername" time="1.448"/>
  <testcase classname="testcases.HomepageTest" name="verifyAddressTabTest" time="1.841"/>
  <testcase classname="testcases.HomepageTest" name="verifyBestSellerTest" time="4.84"/>
  <testcase classname="testcases.HomepageTest" name="verifyCategoryTabTest" time="0.28"/>
  <testcase classname="testcases.HomepageTest" name="verifyHomebuttonTest" time="5.3"/>
  <testcase classname="testcases.HomepageTest" name="verifyPlaceholderTest" time="0.776"/>
  <testcase classname="testcases.HomepageTest" name="verifyTitleTest" time="0.077"/>
  <testcase classname="testcases.BestSellerPageTest" name="verifyBannerTest" time="0.141"/>
  <testcase classname="testcases.BestSellerPageTest" name="verifyBestSellerTitleTest" time="0.007"/>
  <testcase classname="testcases.BestSellerPageTest" name="verifyDealTabTest" time="0.934"/>
</testsuite> <!-- Test -->
