<?xml version="1.0" encoding="UTF-8"?>
<testsuite xmlns:xsi="http://www.w3.org/2001/XMLSchema-instance" xsi:schemaLocation="https://maven.apache.org/surefire/maven-surefire-plugin/xsd/surefire-test-report.xsd" name="TestSuite" time="76.602" tests="10" errors="0" skipped="0" failures="0">
  <properties>
[...]
</properties>
  <testcase name="verifyBannerTest" classname="testcases.BestSellerPageTest" time="0.293"/>
  <testcase name="verifyBestSellerTitleTest" classname="testcases.BestSellerPageTest" time="0.011"/>
  <testcase name="verifyDealTabTest" classname="testcases.BestSellerPageTest" time="0.206"/>
  <testcase name="loginWithWrongUsername" classname="testcases.LoginTest" time="0.699"/>
  <testcase name="verifyAddressTabTest" classname="testcases.HomepageTest" time="1.393"/>
  <testcase name="verifyBestSellerTest" classname="testcases.HomepageTest" time="2.198"/>
  <testcase name="verifyCategoryTabTest" classname="testcases.HomepageTest" time="0.141"/>
  <testcase name="verifyHomebuttonTest" classname="testcases.HomepageTest" time="1.561"/>
  <testcase name="verifyPlaceholderTest" classname="testcases.HomepageTest" time="0.532"/>
  <testcase name="verifyTitleTest" classname="testcases.HomepageTest" time="0.007"/>
</testsuite>