<?xml version="1.0" encoding="UTF-8"?>
<testng-results ignored="0" total="10" passed="10" failed="0" skipped="0">
  <reporter-output>
  </reporter-output>
  <suite started-at="2024-08-05T15:34:26 EDT" name="Surefire suite" finished-at="2024-08-05T15:35:42 EDT" duration-ms="76181">
    <groups>
    </groups>
    <test started-at="2024-08-05T15:34:26 EDT" name="Surefire test" finished-at="2024-08-05T15:35:42 EDT" duration-ms="76181">
      <class name="testcases.HomepageTest">
        <test-method is-config="true" signature="beforeMethod()[pri:0, instance:testcases.HomepageTest@7113b13f]" started-at="2024-08-05T15:34:59 EDT" name="beforeMethod" finished-at="2024-08-05T15:35:04 EDT" duration-ms="4752" status="PASS">
          <reporter-output>
          </reporter-output>
        </test-method> <!-- beforeMethod -->
        <test-method signature="verifyAddressTabTest()[pri:0, instance:testcases.HomepageTest@7113b13f]" started-at="2024-08-05T15:35:04 EDT" name="verifyAddressTabTest" finished-at="2024-08-05T15:35:05 EDT" duration-ms="1384" status="PASS">
          <reporter-output>
          </reporter-output>
        </test-method> <!-- verifyAddressTabTest -->
        <test-method is-config="true" signature="afterMethod()[pri:0, instance:testcases.HomepageTest@7113b13f]" started-at="2024-08-05T15:35:05 EDT" name="afterMethod" finished-at="2024-08-05T15:35:07 EDT" duration-ms="1617" status="PASS">
          <reporter-output>
          </reporter-output>
        </test-method> <!-- afterMethod -->
        <test-method is-config="true" signature="beforeMethod()[pri:0, instance:testcases.HomepageTest@7113b13f]" started-at="2024-08-05T15:35:07 EDT" name="beforeMethod" finished-at="2024-08-05T15:35:11 EDT" duration-ms="4422" status="PASS">
          <reporter-output>
          </reporter-output>
        </test-method> <!-- beforeMethod -->
        <test-method signature="verifyBestSellerTest()[pri:0, instance:testcases.HomepageTest@7113b13f]" started-at="2024-08-05T15:35:11 EDT" name="verifyBestSellerTest" finished-at="2024-08-05T15:35:14 EDT" duration-ms="2198" status="PASS">
          <reporter-output>
          </reporter-output>
        </test-method> <!-- verifyBestSellerTest -->
        <test-method is-config="true" signature="afterMethod()[pri:0, instance:testcases.HomepageTest@7113b13f]" started-at="2024-08-05T15:35:14 EDT" name="afterMethod" finished-at="2024-08-05T15:35:15 EDT" duration-ms="1346" status="PASS">
          <reporter-output>
          </reporter-output>
        </test-method> <!-- afterMethod -->
        <test-method is-config="true" signature="beforeMethod()[pri:0, instance:testcases.HomepageTest@7113b13f]" started-at="2024-08-05T15:35:15 EDT" name="beforeMethod" finished-at="2024-08-05T15:35:19 EDT" duration-ms="4443" status="PASS">
          <reporter-output>
          </reporter-output>
        </test-method> <!-- beforeMethod -->
        <test-method signature="verifyCategoryTabTest()[pri:0, instance:testcases.HomepageTest@7113b13f]" started-at="2024-08-05T15:35:19 EDT" name="verifyCategoryTabTest" finished-at="2024-08-05T15:35:19 EDT" duration-ms="141" status="PASS">
          <reporter-output>
          </reporter-output>
        </test-method> <!-- verifyCategoryTabTest -->
        <test-method is-config="true" signature="afterMethod()[pri:0, instance:testcases.HomepageTest@7113b13f]" started-at="2024-08-05T15:35:19 EDT" name="afterMethod" finished-at="2024-08-05T15:35:21 EDT" duration-ms="1595" status="PASS">
          <reporter-output>
          </reporter-output>
        </test-method> <!-- afterMethod -->
        <test-method is-config="true" signature="beforeMethod()[pri:0, instance:testcases.HomepageTest@7113b13f]" started-at="2024-08-05T15:35:21 EDT" name="beforeMethod" finished-at="2024-08-05T15:35:26 EDT" duration-ms="4712" status="PASS">
          <reporter-output>
          </reporter-output>
        </test-method> <!-- beforeMethod -->
        <test-method signature="verifyHomebuttonTest()[pri:0, instance:testcases.HomepageTest@7113b13f]" started-at="2024-08-05T15:35:26 EDT" name="verifyHomebuttonTest" finished-at="2024-08-05T15:35:27 EDT" duration-ms="1558" status="PASS">
          <reporter-output>
          </reporter-output>
        </test-method> <!-- verifyHomebuttonTest -->
        <test-method is-config="true" signature="afterMethod()[pri:0, instance:testcases.HomepageTest@7113b13f]" started-at="2024-08-05T15:35:27 EDT" name="afterMethod" finished-at="2024-08-05T15:35:29 EDT" duration-ms="1408" status="PASS">
          <reporter-output>
          </reporter-output>
        </test-method> <!-- afterMethod -->
        <test-method is-config="true" signature="beforeMethod()[pri:0, instance:testcases.HomepageTest@7113b13f]" started-at="2024-08-05T15:35:29 EDT" name="beforeMethod" finished-at="2024-08-05T15:35:34 EDT" duration-ms="4802" status="PASS">
          <reporter-output>
          </reporter-output>
        </test-method> <!-- beforeMethod -->
        <test-method signature="verifyPlaceholderTest()[pri:0, instance:testcases.HomepageTest@7113b13f]" started-at="2024-08-05T15:35:34 EDT" name="verifyPlaceholderTest" finished-at="2024-08-05T15:35:34 EDT" duration-ms="533" status="PASS">
          <reporter-output>
          </reporter-output>
        </test-method> <!-- verifyPlaceholderTest -->
        <test-method is-config="true" signature="afterMethod()[pri:0, instance:testcases.HomepageTest@7113b13f]" started-at="2024-08-05T15:35:34 EDT" name="afterMethod" finished-at="2024-08-05T15:35:36 EDT" duration-ms="1922" status="PASS">
          <reporter-output>
          </reporter-output>
        </test-method> <!-- afterMethod -->
        <test-method is-config="true" signature="beforeMethod()[pri:0, instance:testcases.HomepageTest@7113b13f]" started-at="2024-08-05T15:35:36 EDT" name="beforeMethod" finished-at="2024-08-05T15:35:40 EDT" duration-ms="4325" status="PASS">
          <reporter-output>
          </reporter-output>
        </test-method> <!-- beforeMethod -->
        <test-method signature="verifyTitleTest()[pri:0, instance:testcases.HomepageTest@7113b13f]" started-at="2024-08-05T15:35:40 EDT" name="verifyTitleTest" finished-at="2024-08-05T15:35:40 EDT" duration-ms="7" status="PASS">
          <reporter-output>
          </reporter-output>
        </test-method> <!-- verifyTitleTest -->
        <test-method is-config="true" signature="afterMethod()[pri:0, instance:testcases.HomepageTest@7113b13f]" started-at="2024-08-05T15:35:40 EDT" name="afterMethod" finished-at="2024-08-05T15:35:42 EDT" duration-ms="1660" status="PASS">
          <reporter-output>
          </reporter-output>
        </test-method> <!-- afterMethod -->
      </class> <!-- testcases.HomepageTest -->
      <class name="testcases.BestSellerPageTest">
        <test-method is-config="true" signature="beforeMethod()[pri:0, instance:testcases.BestSellerPageTest@29b5cd00]" started-at="2024-08-05T15:34:26 EDT" name="beforeMethod" finished-at="2024-08-05T15:34:33 EDT" duration-ms="7413" status="PASS">
          <reporter-output>
          </reporter-output>
        </test-method> <!-- beforeMethod -->
        <test-method signature="verifyBannerTest()[pri:0, instance:testcases.BestSellerPageTest@29b5cd00]" started-at="2024-08-05T15:34:33 EDT" name="verifyBannerTest" finished-at="2024-08-05T15:34:34 EDT" duration-ms="291" status="PASS">
          <reporter-output>
          </reporter-output>
        </test-method> <!-- verifyBannerTest -->
        <test-method is-config="true" signature="afterMethod()[pri:0, instance:testcases.BestSellerPageTest@29b5cd00]" started-at="2024-08-05T15:34:34 EDT" name="afterMethod" finished-at="2024-08-05T15:34:35 EDT" duration-ms="1278" status="PASS">
          <reporter-output>
          </reporter-output>
        </test-method> <!-- afterMethod -->
        <test-method is-config="true" signature="beforeMethod()[pri:0, instance:testcases.BestSellerPageTest@29b5cd00]" started-at="2024-08-05T15:34:35 EDT" name="beforeMethod" finished-at="2024-08-05T15:34:41 EDT" duration-ms="6578" status="PASS">
          <reporter-output>
          </reporter-output>
        </test-method> <!-- beforeMethod -->
        <test-method signature="verifyBestSellerTitleTest()[pri:0, instance:testcases.BestSellerPageTest@29b5cd00]" started-at="2024-08-05T15:34:41 EDT" name="verifyBestSellerTitleTest" finished-at="2024-08-05T15:34:41 EDT" duration-ms="11" status="PASS">
          <reporter-output>
          </reporter-output>
        </test-method> <!-- verifyBestSellerTitleTest -->
        <test-method is-config="true" signature="afterMethod()[pri:0, instance:testcases.BestSellerPageTest@29b5cd00]" started-at="2024-08-05T15:34:41 EDT" name="afterMethod" finished-at="2024-08-05T15:34:43 EDT" duration-ms="1122" status="PASS">
          <reporter-output>
          </reporter-output>
        </test-method> <!-- afterMethod -->
        <test-method is-config="true" signature="beforeMethod()[pri:0, instance:testcases.BestSellerPageTest@29b5cd00]" started-at="2024-08-05T15:34:43 EDT" name="beforeMethod" finished-at="2024-08-05T15:34:52 EDT" duration-ms="9041" status="PASS">
          <reporter-output>
          </reporter-output>
        </test-method> <!-- beforeMethod -->
        <test-method signature="verifyDealTabTest()[pri:0, instance:testcases.BestSellerPageTest@29b5cd00]" started-at="2024-08-05T15:34:52 EDT" name="verifyDealTabTest" finished-at="2024-08-05T15:34:52 EDT" duration-ms="206" status="PASS">
          <reporter-output>
          </reporter-output>
        </test-method> <!-- verifyDealTabTest -->
        <test-method is-config="true" signature="afterMethod()[pri:0, instance:testcases.BestSellerPageTest@29b5cd00]" started-at="2024-08-05T15:34:52 EDT" name="afterMethod" finished-at="2024-08-05T15:34:53 EDT" duration-ms="1335" status="PASS">
          <reporter-output>
          </reporter-output>
        </test-method> <!-- afterMethod -->
      </class> <!-- testcases.BestSellerPageTest -->
      <class name="testcases.LoginTest">
        <test-method is-config="true" signature="beforeMethod()[pri:0, instance:testcases.LoginTest@60285225]" started-at="2024-08-05T15:34:53 EDT" name="beforeMethod" finished-at="2024-08-05T15:34:57 EDT" duration-ms="4239" status="PASS">
          <reporter-output>
          </reporter-output>
        </test-method> <!-- beforeMethod -->
        <test-method signature="loginWithWrongUsername()[pri:1, instance:testcases.LoginTest@60285225]" started-at="2024-08-05T15:34:57 EDT" name="loginWithWrongUsername" finished-at="2024-08-05T15:34:58 EDT" duration-ms="700" status="PASS">
          <reporter-output>
          </reporter-output>
        </test-method> <!-- loginWithWrongUsername -->
        <test-method is-config="true" signature="afterMethod()[pri:0, instance:testcases.LoginTest@60285225]" started-at="2024-08-05T15:34:58 EDT" name="afterMethod" finished-at="2024-08-05T15:34:59 EDT" duration-ms="1090" status="PASS">
          <reporter-output>
          </reporter-output>
        </test-method> <!-- afterMethod -->
      </class> <!-- testcases.LoginTest -->
    </test> <!-- Surefire test -->
  </suite> <!-- Surefire suite -->
</testng-results>
